This file contains any messages produced by compilers while
running configure, to aid debugging if configure makes a mistake.

It was created by configure, which was
generated by GNU Autoconf 2.63.  Invocation command line was

  $ ./configure --with-problem=stratCoolingCosAD --enable-shearing-box --enable-fargo --with-eos=adiabatic --enable-mpi --enable-resistivity --enable-sts

## --------- ##
## Platform. ##
## --------- ##

hostname = shas0137
uname -m = x86_64
uname -r = 3.10.0-327.36.3.el7.x86_64
uname -s = Linux
uname -v = #1 SMP Thu Oct 20 04:56:07 EDT 2016

/usr/bin/uname -p = x86_64
/bin/uname -X     = unknown

/bin/arch              = x86_64
/usr/bin/arch -k       = unknown
/usr/convex/getsysinfo = unknown
/usr/bin/hostinfo      = unknown
/bin/machine           = unknown
/usr/bin/oslevel       = unknown
/bin/universe          = unknown

PATH: /curc/sw/intel/16.0.3/impi/5.1.3.210/bin64
PATH: /curc/sw/intel/16.0.3/compilers_and_libraries_2016.3.210/linux/bin/intel64
PATH: /usr/lpp/mmfs/bin
PATH: /usr/local/bin
PATH: /usr/bin
PATH: /usr/local/sbin
PATH: /usr/sbin
PATH: /opt/dell/srvadmin/bin


## ----------- ##
## Core tests. ##
## ----------- ##

configure:1919: checking for gcc
configure:1946: result: mpicc
configure:2178: checking for C compiler version
configure:2186: mpicc --version >&5
icc (ICC) 16.0.3 20160415
Copyright (C) 1985-2016 Intel Corporation.  All rights reserved.

configure:2190: $? = 0
configure:2197: mpicc -v >&5
mpiicc for the Intel(R) MPI Library 5.1.3 for Linux*
Copyright(C) 2003-2015, Intel Corporation.  All rights reserved.
icc version 16.0.3 (gcc version 4.8.5 compatibility)
configure:2201: $? = 0
configure:2208: mpicc -V >&5
Intel(R) C Intel(R) 64 Compiler for applications running on Intel(R) 64, Version 16.0.3.210 Build 20160415
Copyright (C) 1985-2016 Intel Corporation.  All rights reserved.

GNU ld version 2.23.52.0.1-55.el7 20130226
/usr/lib/gcc/x86_64-redhat-linux/4.8.5/../../../../lib64/crt1.o: In function `_start':
(.text+0x20): undefined reference to `main'
configure:2212: $? = 1
configure:2235: checking for C compiler default output file name
configure:2257: mpicc    conftest.c  >&5
configure:2261: $? = 0
configure:2299: result: a.out
configure:2318: checking whether the C compiler works
configure:2328: ./a.out
configure:2332: $? = 0
configure:2351: result: yes
configure:2358: checking whether we are cross compiling
configure:2360: result: no
configure:2363: checking for suffix of executables
configure:2370: mpicc -o conftest    conftest.c  >&5
configure:2374: $? = 0
configure:2400: result: 
configure:2406: checking for suffix of object files
configure:2432: mpicc -c   conftest.c >&5
configure:2436: $? = 0
configure:2461: result: o
configure:2465: checking whether we are using the GNU C compiler
configure:2494: mpicc -c   conftest.c >&5
configure:2501: $? = 0
configure:2518: result: yes
configure:2527: checking whether mpicc accepts -g
configure:2557: mpicc -c -g  conftest.c >&5
configure:2564: $? = 0
configure:2665: result: yes
configure:2682: checking for mpicc option to accept ISO C89
configure:2756: mpicc  -c -g -O2  conftest.c >&5
configure:2763: $? = 0
configure:2786: result: none needed
configure:2849: checking for a BSD-compatible install
configure:2917: result: /usr/bin/install -c
configure:3639: checking how to run the C preprocessor
configure:3679: mpicc -E  conftest.c
configure:3686: $? = 0
configure:3717: mpicc -E  conftest.c
conftest.c(8): error #2379: cannot open source file "ac_nonexistent.h"
  #include <ac_nonexistent.h>
                             ^

configure:3724: $? = 2
configure: failed program was:
| /* confdefs.h.  */
| #define PACKAGE_NAME ""
| #define PACKAGE_TARNAME ""
| #define PACKAGE_VERSION ""
| #define PACKAGE_STRING ""
| #define PACKAGE_BUGREPORT ""
| /* end confdefs.h.  */
| #include <ac_nonexistent.h>
configure:3757: result: mpicc -E
configure:3786: mpicc -E  conftest.c
configure:3793: $? = 0
configure:3824: mpicc -E  conftest.c
conftest.c(8): error #2379: cannot open source file "ac_nonexistent.h"
  #include <ac_nonexistent.h>
                             ^

configure:3831: $? = 2
configure: failed program was:
| /* confdefs.h.  */
| #define PACKAGE_NAME ""
| #define PACKAGE_TARNAME ""
| #define PACKAGE_VERSION ""
| #define PACKAGE_STRING ""
| #define PACKAGE_BUGREPORT ""
| /* end confdefs.h.  */
| #include <ac_nonexistent.h>
configure:3871: checking for grep that handles long lines and -e
configure:3931: result: /usr/bin/grep
configure:3936: checking for egrep
configure:4000: result: /usr/bin/grep -E
configure:4006: checking whether mpicc needs -traditional
configure:4048: result: no
configure:4059: checking for strdup
configure:4115: mpicc -o conftest -g -O2   conftest.c  >&5
configure:4122: $? = 0
configure:4144: result: yes
configure:4156: checking for ANSI C header files
configure:4186: mpicc -c -g -O2  conftest.c >&5
configure:4193: $? = 0
configure:4292: mpicc -o conftest -g -O2   conftest.c  >&5
configure:4296: $? = 0
configure:4302: ./conftest
configure:4306: $? = 0
configure:4324: result: yes
configure:4348: checking for sys/types.h
configure:4369: mpicc -c -g -O2  conftest.c >&5
configure:4376: $? = 0
configure:4393: result: yes
configure:4348: checking for sys/stat.h
configure:4369: mpicc -c -g -O2  conftest.c >&5
configure:4376: $? = 0
configure:4393: result: yes
configure:4348: checking for stdlib.h
configure:4369: mpicc -c -g -O2  conftest.c >&5
configure:4376: $? = 0
configure:4393: result: yes
configure:4348: checking for string.h
configure:4369: mpicc -c -g -O2  conftest.c >&5
configure:4376: $? = 0
configure:4393: result: yes
configure:4348: checking for memory.h
configure:4369: mpicc -c -g -O2  conftest.c >&5
configure:4376: $? = 0
configure:4393: result: yes
configure:4348: checking for strings.h
configure:4369: mpicc -c -g -O2  conftest.c >&5
configure:4376: $? = 0
configure:4393: result: yes
configure:4348: checking for inttypes.h
configure:4369: mpicc -c -g -O2  conftest.c >&5
configure:4376: $? = 0
configure:4393: result: yes
configure:4348: checking for stdint.h
configure:4369: mpicc -c -g -O2  conftest.c >&5
configure:4376: $? = 0
configure:4393: result: yes
configure:4348: checking for unistd.h
configure:4369: mpicc -c -g -O2  conftest.c >&5
configure:4376: $? = 0
configure:4393: result: yes
configure:4408: checking whether byte ordering is bigendian
configure:4433: mpicc -c -g -O2  conftest.c >&5
conftest.c(20): error: identifier "not" is undefined
  	       not a universal capable compiler
  	       ^

conftest.c(20): error: expected a ";"
  	       not a universal capable compiler
  	             ^

compilation aborted for conftest.c (code 2)
configure:4440: $? = 2
configure: failed program was:
| /* confdefs.h.  */
| #define PACKAGE_NAME ""
| #define PACKAGE_TARNAME ""
| #define PACKAGE_VERSION ""
| #define PACKAGE_STRING ""
| #define PACKAGE_BUGREPORT ""
| #define HAVE_STRDUP 1
| #define STDC_HEADERS 1
| #define HAVE_SYS_TYPES_H 1
| #define HAVE_SYS_STAT_H 1
| #define HAVE_STDLIB_H 1
| #define HAVE_STRING_H 1
| #define HAVE_MEMORY_H 1
| #define HAVE_STRINGS_H 1
| #define HAVE_INTTYPES_H 1
| #define HAVE_STDINT_H 1
| #define HAVE_UNISTD_H 1
| /* end confdefs.h.  */
| #ifndef __APPLE_CC__
| 	       not a universal capable compiler
| 	     #endif
| 	     typedef int dummy;
| 
configure:4490: mpicc -c -g -O2  conftest.c >&5
configure:4497: $? = 0
configure:4529: mpicc -c -g -O2  conftest.c >&5
conftest.c(26): error: identifier "not" is undefined
  		 not big endian
  		 ^

conftest.c(26): error: expected a ";"
  		 not big endian
  		         ^

conftest.c(29): warning #12: parsing restarts here after previous syntax error
    ;
    ^

compilation aborted for conftest.c (code 2)
configure:4536: $? = 2
configure: failed program was:
| /* confdefs.h.  */
| #define PACKAGE_NAME ""
| #define PACKAGE_TARNAME ""
| #define PACKAGE_VERSION ""
| #define PACKAGE_STRING ""
| #define PACKAGE_BUGREPORT ""
| #define HAVE_STRDUP 1
| #define STDC_HEADERS 1
| #define HAVE_SYS_TYPES_H 1
| #define HAVE_SYS_STAT_H 1
| #define HAVE_STDLIB_H 1
| #define HAVE_STRING_H 1
| #define HAVE_MEMORY_H 1
| #define HAVE_STRINGS_H 1
| #define HAVE_INTTYPES_H 1
| #define HAVE_STDINT_H 1
| #define HAVE_UNISTD_H 1
| /* end confdefs.h.  */
| #include <sys/types.h>
| 		#include <sys/param.h>
| 
| int
| main ()
| {
| #if BYTE_ORDER != BIG_ENDIAN
| 		 not big endian
| 		#endif
| 
|   ;
|   return 0;
| }
configure:4788: result: no
configure:4933: creating ./config.status

## ---------------------- ##
## Running config.status. ##
## ---------------------- ##

This file was extended by config.status, which was
generated by GNU Autoconf 2.63.  Invocation command line was

  CONFIG_FILES    = 
  CONFIG_HEADERS  = 
  CONFIG_LINKS    = 
  CONFIG_COMMANDS = 
  $ ./config.status 

on shas0137

config.status:773: creating Makefile
config.status:773: creating Makeoptions
config.status:773: creating src/Makefile
config.status:773: creating src/defs.h
config.status:773: creating src/fftsrc/Makefile
config.status:773: creating src/gravity/Makefile
config.status:773: creating src/integrators/Makefile
config.status:773: creating src/microphysics/Makefile
config.status:773: creating src/reconstruction/Makefile
config.status:773: creating src/rsolvers/Makefile
config.status:773: creating src/particles/Makefile
config.status:773: creating src/config.h
config.status:989: src/config.h is unchanged

## ---------------- ##
## Cache variables. ##
## ---------------- ##

ac_cv_c_bigendian=no
ac_cv_c_compiler_gnu=yes
ac_cv_env_CC_set=set
ac_cv_env_CC_value=mpicc
ac_cv_env_CFLAGS_set=
ac_cv_env_CFLAGS_value=
ac_cv_env_CPPFLAGS_set=
ac_cv_env_CPPFLAGS_value=
ac_cv_env_CPP_set=
ac_cv_env_CPP_value=
ac_cv_env_LDFLAGS_set=
ac_cv_env_LDFLAGS_value=
ac_cv_env_LIBS_set=
ac_cv_env_LIBS_value=
ac_cv_env_build_alias_set=
ac_cv_env_build_alias_value=
ac_cv_env_host_alias_set=
ac_cv_env_host_alias_value=
ac_cv_env_target_alias_set=
ac_cv_env_target_alias_value=
ac_cv_func_strdup=yes
ac_cv_header_inttypes_h=yes
ac_cv_header_memory_h=yes
ac_cv_header_stdc=yes
ac_cv_header_stdint_h=yes
ac_cv_header_stdlib_h=yes
ac_cv_header_string_h=yes
ac_cv_header_strings_h=yes
ac_cv_header_sys_stat_h=yes
ac_cv_header_sys_types_h=yes
ac_cv_header_unistd_h=yes
ac_cv_objext=o
ac_cv_path_EGREP='/usr/bin/grep -E'
ac_cv_path_GREP=/usr/bin/grep
ac_cv_path_install='/usr/bin/install -c'
ac_cv_prog_CPP='mpicc -E'
ac_cv_prog_ac_ct_CC=mpicc
ac_cv_prog_cc_c89=
ac_cv_prog_cc_g=yes
ac_cv_prog_gcc_traditional=no

## ----------------- ##
## Output variables. ##
## ----------------- ##

ACCURACY='THIRD_ORDER_CHAR'
A_CONFIGURE_DATE='Fri May 12 12:26:25 MDT 2017'
CC='mpicc'
CFLAGS='-g -O2'
COMPILER_OPTS='-O3'
CONDUCTION_MODE='NO_THERMAL_CONDUCTION'
COOLING_MODE='NO_COOLING'
COORD='CARTESIAN'
CPP='mpicc -E'
CPPFLAGS=''
DEBUG_MODE='OPTIMIZE'
DEFS='-DHAVE_CONFIG_H'
ECHO_C=''
ECHO_N='-n'
ECHO_T=''
EGREP='/usr/bin/grep -E'
EOS='ADIABATIC'
EXEEXT=''
FARGO_MODE='FARGO'
FEEDBACK_DEFINE='NO_FEEDBACK'
FFT_MODE='NO_FFT'
FLUX_DEF='ROE_FLUX'
FLUX_NAME='roe'
FOFC_MODE='NO_FIRST_ORDER_FLUX_CORRECTION'
GAS='MHD'
GREP='/usr/bin/grep'
H_CORRECTION_MODE='NO_H_CORRECTION'
INSTALL_DATA='${INSTALL} -m 644'
INSTALL_PROGRAM='${INSTALL}'
INSTALL_SCRIPT='${INSTALL}'
INTEGRATOR='ctu'
INTEGRATOR_DEF='CTU_INTEGRATOR'
L1_INFLOW_MODE='NO_L1_INFLOW'
LDFLAGS=''
LIBOBJS=''
LIBS=''
LTLIBOBJS=''
MESH_REFINEMENT='NO_MESH_REFINEMENT'
MPI_MODE='MPI_PARALLEL'
NSCALARS='0'
OBJEXT='o'
ORDER='3'
PACKAGE_BUGREPORT=''
PACKAGE_NAME=''
PACKAGE_STRING=''
PACKAGE_TARNAME=''
PACKAGE_VERSION=''
PARTICLES_ALGORITHM='NO_PARTICLES'
PATH_SEPARATOR=':'
PRECISION='DOUBLE_PREC'
PROBLEM='stratCoolingCosAD'
RESISTIVITY_MODE='RESISTIVITY'
ROTATING_FRAME_MODE='NO_ROTATING_FRAME'
SELF_GRAVITY_ALGORITHM='SELF_GRAVITY_NONE'
SELF_GRAVITY_DEFINE='NO_SELF_GRAVITY'
SHEARING_BOX_MODE='SHEARING_BOX'
SHELL='/bin/sh'
SPECIAL_RELATIVITY_MODE='NEWTONIAN'
TIMESTEPPING_MODE='STS'
VISCOSITY_MODE='NO_VISCOSITY'
WARNING1='WARNING! This file has been automatically generated by configure.'
WARNING2='Any changes to it will be overwritten the next time configure is run.'
WRITE_GHOST_MODE='NO_WRITE_GHOST_CELLS'
ac_ct_CC='mpicc'
bindir='${exec_prefix}/bin'
build_alias=''
datadir='${datarootdir}'
datarootdir='${prefix}/share'
docdir='${datarootdir}/doc/${PACKAGE}'
dvidir='${docdir}'
exec_prefix='${prefix}'
host_alias=''
htmldir='${docdir}'
includedir='${prefix}/include'
infodir='${datarootdir}/info'
libdir='${exec_prefix}/lib'
libexecdir='${exec_prefix}/libexec'
localedir='${datarootdir}/locale'
localstatedir='${prefix}/var'
mandir='${datarootdir}/man'
oldincludedir='/usr/include'
pdfdir='${docdir}'
prefix='/usr/local'
program_transform_name='s,x,x,'
psdir='${docdir}'
sbindir='${exec_prefix}/sbin'
sharedstatedir='${prefix}/com'
sysconfdir='${prefix}/etc'
target_alias=''

## ----------- ##
## confdefs.h. ##
## ----------- ##

#define PACKAGE_NAME ""
#define PACKAGE_TARNAME ""
#define PACKAGE_VERSION ""
#define PACKAGE_STRING ""
#define PACKAGE_BUGREPORT ""
#define HAVE_STRDUP 1
#define STDC_HEADERS 1
#define HAVE_SYS_TYPES_H 1
#define HAVE_SYS_STAT_H 1
#define HAVE_STDLIB_H 1
#define HAVE_STRING_H 1
#define HAVE_MEMORY_H 1
#define HAVE_STRINGS_H 1
#define HAVE_INTTYPES_H 1
#define HAVE_STDINT_H 1
#define HAVE_UNISTD_H 1

configure: exit 0
